Build started 4-12-2014 12:30:23.
     1>Project "C:\Users\Dennis\Documents\GitHub\BaseApplication\BaseApplication\BaseAplication.vcxproj" on node 2 (Build target(s)).
     1>ClCompile:
         C:\Program Files (x86)\Microsoft Visual Studio 11.0\VC\bin\CL.exe /c /I"C:\OgreSDK_vc11_v1-9-0\include" /I"C:\OgreSDK_vc11_v1-9-0\include\OIS" /I"C:\OgreSDK_vc11_v1-9-0\include\OGRE" /I"C:\OgreSDK_vc11_v1-9-0\Samples\Common\include" /I"C:\OgreSDK_vc11_v1-9-0\boost" /I"C:\OgreSDK_vc11_v1-9-0\include\OGRE\Overlay" /Zi /nologo /W3 /WX- /sdl /O2 /Oi /Oy- /GL /D WIN32 /D NDEBUG /D _WINDOWS /D _MBCS /Gm- /EHsc /MD /GS /Gy /fp:precise /Zc:wchar_t /Zc:forScope /Fo"Release\\" /Fd"Release\vc110.pdb" /Gd /TP /analyze- /errorReport:prompt Program.cpp
         Program.cpp
     1>Program.cpp(18): warning C4305: 'argument' : truncation from 'double' to 'Ogre::Real'
     1>Program.cpp(51): warning C4305: 'initializing' : truncation from 'double' to 'Ogre::Real'
     1>Program.cpp(97): warning C4305: '=' : truncation from 'double' to 'Ogre::Real'
     1>Program.cpp(102): warning C4305: '=' : truncation from 'double' to 'Ogre::Real'
     1>Program.cpp(107): warning C4305: '=' : truncation from 'double' to 'Ogre::Real'
       Link:
         C:\Program Files (x86)\Microsoft Visual Studio 11.0\VC\bin\link.exe /ERRORREPORT:PROMPT /OUT:"C:\Users\Dennis\Documents\GitHub\BaseApplication\Release\BaseApplication.exe" /INCREMENTAL:NO /NOLOGO /LIBPATH:"C:\OgreSDK_vc11_v1-9-0\lib\Release" /LIBPATH:"C:\OgreSDK_vc11_v1-9-0\boost\lib" OgreMain.lib OIS.lib OgreOverlay.lib kernel32.lib user32.lib gdi32.lib winspool.lib comdlg32.lib advapi32.lib shell32.lib ole32.lib oleaut32.lib uuid.lib odbc32.lib odbccp32.lib /MANIFEST /MANIFESTUAC:"level='asInvoker' uiAccess='false'" /manifest:embed /DEBUG /PDB:"C:\Users\Dennis\Documents\GitHub\BaseApplication\Release\BaseApplication.pdb" /SUBSYSTEM:WINDOWS /OPT:REF /OPT:ICF /LTCG /TLBID:1 /DYNAMICBASE /NXCOMPAT /IMPLIB:"C:\Users\Dennis\Documents\GitHub\BaseApplication\Release\BaseApplication.lib" /MACHINE:X86 /SAFESEH Release\Base.obj
         Release\Program.obj
         Generating code
         Finished generating code
         BaseAplication.vcxproj -> C:\Users\Dennis\Documents\GitHub\BaseApplication\Release\BaseApplication.exe
       PostBuildEvent:
         copy "C:\Users\Dennis\Documents\GitHub\BaseApplication\Release\\BaseApplication.exe" "C:\OgreSDK_vc11_v1-9-0\Bin\Release"
         :VCEnd
                 1 bestand(en) gekopieerd.
     1>Done Building Project "C:\Users\Dennis\Documents\GitHub\BaseApplication\BaseApplication\BaseAplication.vcxproj" (Build target(s)).

Build succeeded.

Time Elapsed 00:00:19.85
