C:\USERS\DENNIS\DOCUMENTS\GITHUB\BASEAPPLICATION\BASEAPPLICATION\RELEASE\PROGRAM.OBJ
C:\USERS\DENNIS\DOCUMENTS\GITHUB\BASEAPPLICATION\BASEAPPLICATION\RELEASE\BASE.OBJ
C:\USERS\DENNIS\DOCUMENTS\GITHUB\BASEAPPLICATION\BASEAPPLICATION\RELEASE\VC110.PDB
C:\OGRESDK_VC11_V1-9-0\BIN\RELEASE\BASEAPPLICATION.EXE
C:\OGRESDK_VC11_V1-9-0\BIN\RELEASE\BASEAPPLICATION.PDB
C:\Users\Dennis\Documents\GitHub\BaseApplication\BaseApplication\Release\Base.obj
C:\Users\Dennis\Documents\GitHub\BaseApplication\BaseApplication\Release\Program.obj
C:\Users\Dennis\Documents\GitHub\BaseApplication\BaseApplication\Release\cl.command.1.tlog
C:\Users\Dennis\Documents\GitHub\BaseApplication\BaseApplication\Release\CL.read.1.tlog
C:\Users\Dennis\Documents\GitHub\BaseApplication\BaseApplication\Release\CL.write.1.tlog
C:\Users\Dennis\Documents\GitHub\BaseApplication\BaseApplication\Release\link-cvtres.read.1.tlog
C:\Users\Dennis\Documents\GitHub\BaseApplication\BaseApplication\Release\link-cvtres.write.1.tlog
C:\Users\Dennis\Documents\GitHub\BaseApplication\BaseApplication\Release\link-rc.read.1.tlog
C:\Users\Dennis\Documents\GitHub\BaseApplication\BaseApplication\Release\link-rc.write.1.tlog
C:\Users\Dennis\Documents\GitHub\BaseApplication\BaseApplication\Release\link.command.1.tlog
C:\Users\Dennis\Documents\GitHub\BaseApplication\BaseApplication\Release\link.read.1.tlog
C:\Users\Dennis\Documents\GitHub\BaseApplication\BaseApplication\Release\link.write.1.tlog
C:\Users\Dennis\Documents\GitHub\BaseApplication\BaseApplication\Release\vc110.pdb
C:\OgreSDK_vc11_v1-9-0\Bin\Release\BaseApplication.pdb
C:\OgreSDK_vc11_v1-9-0\Bin\Release\BaseApplication.exe
